
> @beyndesh/api@0.0.0 build G:\Antigravity\Byndesh\packages\api
> tsc

src/bookings.ts(5,13): error TS2339: Property 'booking' does not exist on type 'PrismaClient<PrismaClientOptions, never, DefaultArgs>'.
src/bookings.ts(9,13): error TS2339: Property 'booking' does not exist on type 'PrismaClient<PrismaClientOptions, never, DefaultArgs>'.
src/bookings.ts(12,50): error TS2694: Namespace '"G:/Antigravity/Byndesh/node_modules/.pnpm/@prisma+client@5.22.0_prisma@5.22.0/node_modules/.prisma/client/index".Prisma' has no exported member 'BookingCreateInput'.
src/bookings.ts(13,13): error TS2339: Property 'booking' does not exist on type 'PrismaClient<PrismaClientOptions, never, DefaultArgs>'.
src/bookings.ts(16,62): error TS2694: Namespace '"G:/Antigravity/Byndesh/node_modules/.pnpm/@prisma+client@5.22.0_prisma@5.22.0/node_modules/.prisma/client/index".Prisma' has no exported member 'BookingUpdateInput'.
src/bookings.ts(17,13): error TS2339: Property 'booking' does not exist on type 'PrismaClient<PrismaClientOptions, never, DefaultArgs>'.
src/bookings.ts(21,13): error TS2339: Property 'booking' does not exist on type 'PrismaClient<PrismaClientOptions, never, DefaultArgs>'.
src/destinations.ts(5,13): error TS2339: Property 'cmsDestination' does not exist on type 'PrismaClient<PrismaClientOptions, never, DefaultArgs>'.
src/destinations.ts(9,13): error TS2339: Property 'cmsDestination' does not exist on type 'PrismaClient<PrismaClientOptions, never, DefaultArgs>'.
src/destinations.ts(12,54): error TS2724: '"G:/Antigravity/Byndesh/node_modules/.pnpm/@prisma+client@5.22.0_prisma@5.22.0/node_modules/.prisma/client/index".Prisma' has no exported member named 'CmsDestinationCreateInput'. Did you mean 'CmsSettingCreateInput'?
src/destinations.ts(13,13): error TS2339: Property 'cmsDestination' does not exist on type 'PrismaClient<PrismaClientOptions, never, DefaultArgs>'.
src/destinations.ts(16,66): error TS2724: '"G:/Antigravity/Byndesh/node_modules/.pnpm/@prisma+client@5.22.0_prisma@5.22.0/node_modules/.prisma/client/index".Prisma' has no exported member named 'CmsDestinationUpdateInput'. Did you mean 'CmsSettingUpdateInput'?
src/destinations.ts(17,13): error TS2339: Property 'cmsDestination' does not exist on type 'PrismaClient<PrismaClientOptions, never, DefaultArgs>'.
src/destinations.ts(21,13): error TS2339: Property 'cmsDestination' does not exist on type 'PrismaClient<PrismaClientOptions, never, DefaultArgs>'.
src/faq.ts(5,13): error TS2339: Property 'cmsFaq' does not exist on type 'PrismaClient<PrismaClientOptions, never, DefaultArgs>'.
src/faq.ts(9,13): error TS2339: Property 'cmsFaq' does not exist on type 'PrismaClient<PrismaClientOptions, never, DefaultArgs>'.
src/faq.ts(12,46): error TS2694: Namespace '"G:/Antigravity/Byndesh/node_modules/.pnpm/@prisma+client@5.22.0_prisma@5.22.0/node_modules/.prisma/client/index".Prisma' has no exported member 'CmsFaqCreateInput'.
src/faq.ts(13,13): error TS2339: Property 'cmsFaq' does not exist on type 'PrismaClient<PrismaClientOptions, never, DefaultArgs>'.
src/faq.ts(16,58): error TS2694: Namespace '"G:/Antigravity/Byndesh/node_modules/.pnpm/@prisma+client@5.22.0_prisma@5.22.0/node_modules/.prisma/client/index".Prisma' has no exported member 'CmsFaqUpdateInput'.
src/faq.ts(17,13): error TS2339: Property 'cmsFaq' does not exist on type 'PrismaClient<PrismaClientOptions, never, DefaultArgs>'.
src/faq.ts(21,13): error TS2339: Property 'cmsFaq' does not exist on type 'PrismaClient<PrismaClientOptions, never, DefaultArgs>'.
src/indexing.ts(10,51): error TS2783: 'id' is specified more than once, so this usage will be overwritten.
src/indexing.ts(14,28): error TS2339: Property 'cmsStory' does not exist on type 'PrismaClient<PrismaClientOptions, never, DefaultArgs>'.
src/indexing.ts(15,47): error TS7006: Parameter 's' implicitly has an 'any' type.
src/media.ts(5,13): error TS2339: Property 'cmsMedia' does not exist on type 'PrismaClient<PrismaClientOptions, never, DefaultArgs>'.
src/media.ts(9,13): error TS2339: Property 'cmsMedia' does not exist on type 'PrismaClient<PrismaClientOptions, never, DefaultArgs>'.
src/media.ts(12,48): error TS2724: '"G:/Antigravity/Byndesh/node_modules/.pnpm/@prisma+client@5.22.0_prisma@5.22.0/node_modules/.prisma/client/index".Prisma' has no exported member named 'CmsMediaCreateInput'. Did you mean 'CmsTripCreateInput'?
src/media.ts(13,13): error TS2339: Property 'cmsMedia' does not exist on type 'PrismaClient<PrismaClientOptions, never, DefaultArgs>'.
src/media.ts(16,60): error TS2724: '"G:/Antigravity/Byndesh/node_modules/.pnpm/@prisma+client@5.22.0_prisma@5.22.0/node_modules/.prisma/client/index".Prisma' has no exported member named 'CmsMediaUpdateInput'. Did you mean 'CmsTripUpdateInput'?
src/media.ts(17,13): error TS2339: Property 'cmsMedia' does not exist on type 'PrismaClient<PrismaClientOptions, never, DefaultArgs>'.
src/media.ts(21,13): error TS2339: Property 'cmsMedia' does not exist on type 'PrismaClient<PrismaClientOptions, never, DefaultArgs>'.
src/newsletter.ts(5,13): error TS2339: Property 'newsletterSubscriber' does not exist on type 'PrismaClient<PrismaClientOptions, never, DefaultArgs>'.
src/newsletter.ts(9,13): error TS2339: Property 'newsletterSubscriber' does not exist on type 'PrismaClient<PrismaClientOptions, never, DefaultArgs>'.
src/newsletter.ts(12,53): error TS2694: Namespace '"G:/Antigravity/Byndesh/node_modules/.pnpm/@prisma+client@5.22.0_prisma@5.22.0/node_modules/.prisma/client/index".Prisma' has no exported member 'NewsletterSubscriberCreateInput'.
src/newsletter.ts(13,13): error TS2339: Property 'newsletterSubscriber' does not exist on type 'PrismaClient<PrismaClientOptions, never, DefaultArgs>'.
src/newsletter.ts(16,65): error TS2694: Namespace '"G:/Antigravity/Byndesh/node_modules/.pnpm/@prisma+client@5.22.0_prisma@5.22.0/node_modules/.prisma/client/index".Prisma' has no exported member 'NewsletterSubscriberUpdateInput'.
src/newsletter.ts(17,13): error TS2339: Property 'newsletterSubscriber' does not exist on type 'PrismaClient<PrismaClientOptions, never, DefaultArgs>'.
src/newsletter.ts(21,13): error TS2339: Property 'newsletterSubscriber' does not exist on type 'PrismaClient<PrismaClientOptions, never, DefaultArgs>'.
src/pages.ts(5,13): error TS2339: Property 'cmsPage' does not exist on type 'PrismaClient<PrismaClientOptions, never, DefaultArgs>'.
src/pages.ts(9,13): error TS2339: Property 'cmsPage' does not exist on type 'PrismaClient<PrismaClientOptions, never, DefaultArgs>'.
src/pages.ts(12,47): error TS2724: '"G:/Antigravity/Byndesh/node_modules/.pnpm/@prisma+client@5.22.0_prisma@5.22.0/node_modules/.prisma/client/index".Prisma' has no exported member named 'CmsPageCreateInput'. Did you mean 'CmsTripCreateInput'?
src/pages.ts(13,13): error TS2339: Property 'cmsPage' does not exist on type 'PrismaClient<PrismaClientOptions, never, DefaultArgs>'.
src/pages.ts(16,59): error TS2724: '"G:/Antigravity/Byndesh/node_modules/.pnpm/@prisma+client@5.22.0_prisma@5.22.0/node_modules/.prisma/client/index".Prisma' has no exported member named 'CmsPageUpdateInput'. Did you mean 'CmsTripUpdateInput'?
src/pages.ts(17,13): error TS2339: Property 'cmsPage' does not exist on type 'PrismaClient<PrismaClientOptions, never, DefaultArgs>'.
src/pages.ts(21,13): error TS2339: Property 'cmsPage' does not exist on type 'PrismaClient<PrismaClientOptions, never, DefaultArgs>'.
src/reviews.ts(5,13): error TS2339: Property 'review' does not exist on type 'PrismaClient<PrismaClientOptions, never, DefaultArgs>'.
src/reviews.ts(9,13): error TS2339: Property 'review' does not exist on type 'PrismaClient<PrismaClientOptions, never, DefaultArgs>'.
src/reviews.ts(12,49): error TS2694: Namespace '"G:/Antigravity/Byndesh/node_modules/.pnpm/@prisma+client@5.22.0_prisma@5.22.0/node_modules/.prisma/client/index".Prisma' has no exported member 'ReviewCreateInput'.
src/reviews.ts(13,13): error TS2339: Property 'review' does not exist on type 'PrismaClient<PrismaClientOptions, never, DefaultArgs>'.
src/reviews.ts(16,61): error TS2694: Namespace '"G:/Antigravity/Byndesh/node_modules/.pnpm/@prisma+client@5.22.0_prisma@5.22.0/node_modules/.prisma/client/index".Prisma' has no exported member 'ReviewUpdateInput'.
src/reviews.ts(17,13): error TS2339: Property 'review' does not exist on type 'PrismaClient<PrismaClientOptions, never, DefaultArgs>'.
src/reviews.ts(21,13): error TS2339: Property 'review' does not exist on type 'PrismaClient<PrismaClientOptions, never, DefaultArgs>'.
src/search.ts(4,29): error TS2307: Cannot find module 'meilisearch' or its corresponding type declarations.
src/stories.ts(5,13): error TS2339: Property 'story' does not exist on type 'PrismaClient<PrismaClientOptions, never, DefaultArgs>'.
src/stories.ts(9,13): error TS2339: Property 'story' does not exist on type 'PrismaClient<PrismaClientOptions, never, DefaultArgs>'.
src/stories.ts(12,48): error TS2724: '"G:/Antigravity/Byndesh/node_modules/.pnpm/@prisma+client@5.22.0_prisma@5.22.0/node_modules/.prisma/client/index".Prisma' has no exported member named 'CmsStoryCreateInput'. Did you mean 'CmsTripCreateInput'?
src/stories.ts(13,13): error TS2339: Property 'story' does not exist on type 'PrismaClient<PrismaClientOptions, never, DefaultArgs>'.
src/stories.ts(16,60): error TS2724: '"G:/Antigravity/Byndesh/node_modules/.pnpm/@prisma+client@5.22.0_prisma@5.22.0/node_modules/.prisma/client/index".Prisma' has no exported member named 'CmsStoryUpdateInput'. Did you mean 'CmsTripUpdateInput'?
src/stories.ts(17,13): error TS2339: Property 'story' does not exist on type 'PrismaClient<PrismaClientOptions, never, DefaultArgs>'.
src/stories.ts(21,13): error TS2339: Property 'story' does not exist on type 'PrismaClient<PrismaClientOptions, never, DefaultArgs>'.
src/taxonomy.ts(5,13): error TS2339: Property 'cmsTaxonomy' does not exist on type 'PrismaClient<PrismaClientOptions, never, DefaultArgs>'.
src/taxonomy.ts(9,13): error TS2339: Property 'cmsTaxonomy' does not exist on type 'PrismaClient<PrismaClientOptions, never, DefaultArgs>'.
src/taxonomy.ts(12,51): error TS2694: Namespace '"G:/Antigravity/Byndesh/node_modules/.pnpm/@prisma+client@5.22.0_prisma@5.22.0/node_modules/.prisma/client/index".Prisma' has no exported member 'CmsTaxonomyCreateInput'.
src/taxonomy.ts(13,13): error TS2339: Property 'cmsTaxonomy' does not exist on type 'PrismaClient<PrismaClientOptions, never, DefaultArgs>'.
src/taxonomy.ts(16,63): error TS2694: Namespace '"G:/Antigravity/Byndesh/node_modules/.pnpm/@prisma+client@5.22.0_prisma@5.22.0/node_modules/.prisma/client/index".Prisma' has no exported member 'CmsTaxonomyUpdateInput'.
src/taxonomy.ts(17,13): error TS2339: Property 'cmsTaxonomy' does not exist on type 'PrismaClient<PrismaClientOptions, never, DefaultArgs>'.
src/taxonomy.ts(21,13): error TS2339: Property 'cmsTaxonomy' does not exist on type 'PrismaClient<PrismaClientOptions, never, DefaultArgs>'.
src/team.ts(5,13): error TS2339: Property 'cmsTeamMember' does not exist on type 'PrismaClient<PrismaClientOptions, never, DefaultArgs>'.
src/team.ts(9,13): error TS2339: Property 'cmsTeamMember' does not exist on type 'PrismaClient<PrismaClientOptions, never, DefaultArgs>'.
src/team.ts(12,53): error TS2694: Namespace '"G:/Antigravity/Byndesh/node_modules/.pnpm/@prisma+client@5.22.0_prisma@5.22.0/node_modules/.prisma/client/index".Prisma' has no exported member 'CmsTeamMemberCreateInput'.
src/team.ts(13,13): error TS2339: Property 'cmsTeamMember' does not exist on type 'PrismaClient<PrismaClientOptions, never, DefaultArgs>'.
src/team.ts(16,65): error TS2694: Namespace '"G:/Antigravity/Byndesh/node_modules/.pnpm/@prisma+client@5.22.0_prisma@5.22.0/node_modules/.prisma/client/index".Prisma' has no exported member 'CmsTeamMemberUpdateInput'.
src/team.ts(17,13): error TS2339: Property 'cmsTeamMember' does not exist on type 'PrismaClient<PrismaClientOptions, never, DefaultArgs>'.
src/team.ts(21,13): error TS2339: Property 'cmsTeamMember' does not exist on type 'PrismaClient<PrismaClientOptions, never, DefaultArgs>'.
 ELIFECYCLE  Command failed with exit code 2.
